<?xml version="1.0" encoding="UTF-8"?>
<testng-results skipped="0" failed="0" ignored="0" total="1" passed="1">
  <reporter-output>
  </reporter-output>
  <suite name="Suite" duration-ms="6797" started-at="2021-03-07T11:37:34 COT" finished-at="2021-03-07T11:37:41 COT">
    <groups>
    </groups>
    <test name="Test1" duration-ms="6797" started-at="2021-03-07T11:37:34 COT" finished-at="2021-03-07T11:37:41 COT">
      <class name="myproject.PositiveCases">
        <test-method status="PASS" signature="positive()[pri:0, instance:myproject.PositiveCases@76707e36]" name="positive" duration-ms="6740" started-at="2021-03-07T11:37:34 COT" finished-at="2021-03-07T11:37:41 COT">
          <reporter-output>
          </reporter-output>
        </test-method> <!-- positive -->
      </class> <!-- myproject.PositiveCases -->
    </test> <!-- Test1 -->
  </suite> <!-- Suite -->
</testng-results>
